/Users/robudarius/Lora/bot/handler.py:2775: SyntaxWarning: "\!" is an invalid escape sequence. Such sequences will not work in the future. Did you mean "\\!"? A raw string is also an option.
  f"📊 *Rezumatul zilei tale:*\\n\\n{safe_markdown(summary)}\\n\\nNoapte bună\! 🌙",
Starting Lora initialization (HYBRID MODE)...
Connected to database pool.
✅ All core modules ready.
2026-05-01 01:27:49,747 - apscheduler.scheduler - INFO - Adding job tentatively -- it will be properly scheduled when the scheduler starts
2026-05-01 01:27:49,747 - apscheduler.scheduler - INFO - Adding job tentatively -- it will be properly scheduled when the scheduler starts
2026-05-01 01:27:49,747 - apscheduler.scheduler - INFO - Adding job tentatively -- it will be properly scheduled when the scheduler starts
2026-05-01 01:27:49,747 - apscheduler.scheduler - INFO - Adding job tentatively -- it will be properly scheduled when the scheduler starts
2026-05-01 01:27:49,747 - apscheduler.scheduler - INFO - Adding job tentatively -- it will be properly scheduled when the scheduler starts
2026-05-01 01:27:49,747 - apscheduler.scheduler - INFO - Adding job tentatively -- it will be properly scheduled when the scheduler starts
2026-05-01 01:27:49,747 - apscheduler.scheduler - INFO - Adding job tentatively -- it will be properly scheduled when the scheduler starts
2026-05-01 01:27:49,747 - apscheduler.scheduler - INFO - Adding job tentatively -- it will be properly scheduled when the scheduler starts
2026-05-01 01:27:49,748 - apscheduler.scheduler - INFO - Adding job tentatively -- it will be properly scheduled when the scheduler starts
2026-05-01 01:27:49,748 - apscheduler.scheduler - INFO - Adding job tentatively -- it will be properly scheduled when the scheduler starts
2026-05-01 01:27:49,748 - apscheduler.scheduler - INFO - Adding job tentatively -- it will be properly scheduled when the scheduler starts
2026-05-01 01:27:49,748 - apscheduler.scheduler - INFO - Adding job tentatively -- it will be properly scheduled when the scheduler starts
2026-05-01 01:27:49,748 - apscheduler.scheduler - INFO - Adding job tentatively -- it will be properly scheduled when the scheduler starts
2026-05-01 01:27:49,748 - apscheduler.scheduler - INFO - Adding job tentatively -- it will be properly scheduled when the scheduler starts
2026-05-01 01:27:49,749 - apscheduler.scheduler - INFO - Adding job tentatively -- it will be properly scheduled when the scheduler starts
2026-05-01 01:27:49,749 - apscheduler.scheduler - INFO - Adding job tentatively -- it will be properly scheduled when the scheduler starts
2026-05-01 01:27:49,749 - apscheduler.scheduler - INFO - Adding job tentatively -- it will be properly scheduled when the scheduler starts
2026-05-01 01:27:49,749 - apscheduler.scheduler - INFO - Adding job tentatively -- it will be properly scheduled when the scheduler starts
2026-05-01 01:27:49,749 - apscheduler.scheduler - INFO - Adding job tentatively -- it will be properly scheduled when the scheduler starts
2026-05-01 01:27:49,749 - apscheduler.scheduler - INFO - Adding job tentatively -- it will be properly scheduled when the scheduler starts
2026-05-01 01:27:49,749 - apscheduler.scheduler - INFO - Adding job tentatively -- it will be properly scheduled when the scheduler starts
2026-05-01 01:27:49,749 - apscheduler.scheduler - INFO - Adding job tentatively -- it will be properly scheduled when the scheduler starts
2026-05-01 01:27:49,749 - apscheduler.scheduler - INFO - Added job "check_wake_time_and_schedule" to job store "default"
2026-05-01 01:27:49,749 - apscheduler.scheduler - INFO - Added job "cleanup_history_job" to job store "default"
2026-05-01 01:27:49,749 - apscheduler.scheduler - INFO - Added job "update_profile_job" to job store "default"
2026-05-01 01:27:49,749 - apscheduler.scheduler - INFO - Added job "send_eod_reflection" to job store "default"
2026-05-01 01:27:49,749 - apscheduler.scheduler - INFO - Added job "check_eod_timeout" to job store "default"
2026-05-01 01:27:49,750 - apscheduler.scheduler - INFO - Added job "send_daily_report" to job store "default"
2026-05-01 01:27:49,750 - apscheduler.scheduler - INFO - Added job "send_journal_night" to job store "default"
2026-05-01 01:27:49,750 - apscheduler.scheduler - INFO - Added job "send_weekly_review" to job store "default"
2026-05-01 01:27:49,750 - apscheduler.scheduler - INFO - Added job "send_monthly_review" to job store "default"
2026-05-01 01:27:49,750 - apscheduler.scheduler - INFO - Added job "send_weekly_finance_summary" to job store "default"
2026-05-01 01:27:49,750 - apscheduler.scheduler - INFO - Added job "reset_budget_alerts" to job store "default"
2026-05-01 01:27:49,750 - apscheduler.scheduler - INFO - Added job "check_proactive_insights" to job store "default"
2026-05-01 01:27:49,750 - apscheduler.scheduler - INFO - Added job "check_class_reminders" to job store "default"
2026-05-01 01:27:49,750 - apscheduler.scheduler - INFO - Added job "check_event_reminders" to job store "default"
2026-05-01 01:27:49,750 - apscheduler.scheduler - INFO - Added job "check_event_day_reminders" to job store "default"
2026-05-01 01:27:49,750 - apscheduler.scheduler - INFO - Added job "check_habit_reminders" to job store "default"
2026-05-01 01:27:49,750 - apscheduler.scheduler - INFO - Added job "check_task_deadline_reminders" to job store "default"
2026-05-01 01:27:49,750 - apscheduler.scheduler - INFO - Added job "check_budget_forecast" to job store "default"
2026-05-01 01:27:49,750 - apscheduler.scheduler - INFO - Added job "check_proactive_insights" to job store "default"
2026-05-01 01:27:49,750 - apscheduler.scheduler - INFO - Added job "send_weekly_review" to job store "default"
2026-05-01 01:27:49,750 - apscheduler.scheduler - INFO - Added job "check_contextual_nudges" to job store "default"
2026-05-01 01:27:49,750 - apscheduler.scheduler - INFO - Added job "sync_calendar_job" to job store "default"
2026-05-01 01:27:49,751 - apscheduler.scheduler - INFO - Scheduler started
Scheduler started with misfire grace periods.
Web server active on port 8083 (Health check detail enabled)
2026-05-01 01:27:50,010 - httpx - INFO - HTTP Request: POST https://api.telegram.org/bot8497074584:AAGtpjl_1ftfTIFIw0X5jSDN03kF6y7kSTs/deleteWebhook "HTTP/1.1 200 OK"
Webhook deleted.
2026-05-01 01:27:50,056 - httpx - INFO - HTTP Request: POST https://api.telegram.org/bot8497074584:AAGtpjl_1ftfTIFIw0X5jSDN03kF6y7kSTs/getMe "HTTP/1.1 200 OK"
2026-05-01 01:27:50,057 - apscheduler.scheduler - INFO - Scheduler started
2026-05-01 01:27:50,057 - telegram.ext.Application - INFO - Application started
⏳ Waiting 10s for old instances to clear...
Starting Lora initialization (HYBRID MODE)...
Connected to database pool.
✅ All core modules ready.
2026-05-01 01:27:50,529 - apscheduler.scheduler - INFO - Adding job tentatively -- it will be properly scheduled when the scheduler starts
2026-05-01 01:27:50,530 - apscheduler.scheduler - INFO - Adding job tentatively -- it will be properly scheduled when the scheduler starts
2026-05-01 01:27:50,530 - apscheduler.scheduler - INFO - Adding job tentatively -- it will be properly scheduled when the scheduler starts
2026-05-01 01:27:50,530 - apscheduler.scheduler - INFO - Adding job tentatively -- it will be properly scheduled when the scheduler starts
2026-05-01 01:27:50,530 - apscheduler.scheduler - INFO - Adding job tentatively -- it will be properly scheduled when the scheduler starts
2026-05-01 01:27:50,530 - apscheduler.scheduler - INFO - Adding job tentatively -- it will be properly scheduled when the scheduler starts
2026-05-01 01:27:50,530 - apscheduler.scheduler - INFO - Adding job tentatively -- it will be properly scheduled when the scheduler starts
2026-05-01 01:27:50,530 - apscheduler.scheduler - INFO - Adding job tentatively -- it will be properly scheduled when the scheduler starts
2026-05-01 01:27:50,530 - apscheduler.scheduler - INFO - Adding job tentatively -- it will be properly scheduled when the scheduler starts
2026-05-01 01:27:50,530 - apscheduler.scheduler - INFO - Adding job tentatively -- it will be properly scheduled when the scheduler starts
2026-05-01 01:27:50,530 - apscheduler.scheduler - INFO - Adding job tentatively -- it will be properly scheduled when the scheduler starts
2026-05-01 01:27:50,531 - apscheduler.scheduler - INFO - Adding job tentatively -- it will be properly scheduled when the scheduler starts
2026-05-01 01:27:50,531 - apscheduler.scheduler - INFO - Adding job tentatively -- it will be properly scheduled when the scheduler starts
2026-05-01 01:27:50,531 - apscheduler.scheduler - INFO - Adding job tentatively -- it will be properly scheduled when the scheduler starts
2026-05-01 01:27:50,531 - apscheduler.scheduler - INFO - Adding job tentatively -- it will be properly scheduled when the scheduler starts
2026-05-01 01:27:50,531 - apscheduler.scheduler - INFO - Adding job tentatively -- it will be properly scheduled when the scheduler starts
2026-05-01 01:27:50,531 - apscheduler.scheduler - INFO - Adding job tentatively -- it will be properly scheduled when the scheduler starts
2026-05-01 01:27:50,532 - apscheduler.scheduler - INFO - Adding job tentatively -- it will be properly scheduled when the scheduler starts
2026-05-01 01:27:50,532 - apscheduler.scheduler - INFO - Adding job tentatively -- it will be properly scheduled when the scheduler starts
2026-05-01 01:27:50,532 - apscheduler.scheduler - INFO - Adding job tentatively -- it will be properly scheduled when the scheduler starts
2026-05-01 01:27:50,532 - apscheduler.scheduler - INFO - Adding job tentatively -- it will be properly scheduled when the scheduler starts
2026-05-01 01:27:50,532 - apscheduler.scheduler - INFO - Adding job tentatively -- it will be properly scheduled when the scheduler starts
2026-05-01 01:27:50,532 - apscheduler.scheduler - INFO - Added job "check_wake_time_and_schedule" to job store "default"
2026-05-01 01:27:50,532 - apscheduler.scheduler - INFO - Added job "cleanup_history_job" to job store "default"
2026-05-01 01:27:50,532 - apscheduler.scheduler - INFO - Added job "update_profile_job" to job store "default"
2026-05-01 01:27:50,532 - apscheduler.scheduler - INFO - Added job "send_eod_reflection" to job store "default"
2026-05-01 01:27:50,532 - apscheduler.scheduler - INFO - Added job "check_eod_timeout" to job store "default"
2026-05-01 01:27:50,532 - apscheduler.scheduler - INFO - Added job "send_daily_report" to job store "default"
2026-05-01 01:27:50,532 - apscheduler.scheduler - INFO - Added job "send_journal_night" to job store "default"
2026-05-01 01:27:50,532 - apscheduler.scheduler - INFO - Added job "send_weekly_review" to job store "default"
2026-05-01 01:27:50,532 - apscheduler.scheduler - INFO - Added job "send_monthly_review" to job store "default"
2026-05-01 01:27:50,532 - apscheduler.scheduler - INFO - Added job "send_weekly_finance_summary" to job store "default"
2026-05-01 01:27:50,533 - apscheduler.scheduler - INFO - Added job "reset_budget_alerts" to job store "default"
2026-05-01 01:27:50,533 - apscheduler.scheduler - INFO - Added job "check_proactive_insights" to job store "default"
2026-05-01 01:27:50,533 - apscheduler.scheduler - INFO - Added job "check_class_reminders" to job store "default"
2026-05-01 01:27:50,533 - apscheduler.scheduler - INFO - Added job "check_event_reminders" to job store "default"
2026-05-01 01:27:50,533 - apscheduler.scheduler - INFO - Added job "check_event_day_reminders" to job store "default"
2026-05-01 01:27:50,533 - apscheduler.scheduler - INFO - Added job "check_habit_reminders" to job store "default"
2026-05-01 01:27:50,533 - apscheduler.scheduler - INFO - Added job "check_task_deadline_reminders" to job store "default"
2026-05-01 01:27:50,533 - apscheduler.scheduler - INFO - Added job "check_budget_forecast" to job store "default"
2026-05-01 01:27:50,533 - apscheduler.scheduler - INFO - Added job "check_proactive_insights" to job store "default"
2026-05-01 01:27:50,533 - apscheduler.scheduler - INFO - Added job "send_weekly_review" to job store "default"
2026-05-01 01:27:50,533 - apscheduler.scheduler - INFO - Added job "check_contextual_nudges" to job store "default"
2026-05-01 01:27:50,533 - apscheduler.scheduler - INFO - Added job "sync_calendar_job" to job store "default"
2026-05-01 01:27:50,533 - apscheduler.scheduler - INFO - Scheduler started
Scheduler started with misfire grace periods.
